[14-Oct-2022 10:24:54] NOTICE: fpm is running, pid 26778
[14-Oct-2022 10:24:54] NOTICE: ready to handle connections
[17-Oct-2022 09:30:08] NOTICE: Terminating ...
[17-Oct-2022 09:30:08] NOTICE: Terminating ...
[17-Oct-2022 09:30:08] NOTICE: exiting, bye-bye!
[21-Nov-2022 13:58:36] NOTICE: fpm is running, pid 11557
[21-Nov-2022 13:58:36] NOTICE: ready to handle connections
[21-Nov-2022 14:03:40] NOTICE: Terminating ...
[21-Nov-2022 14:03:40] NOTICE: Terminating ...
[21-Nov-2022 14:03:40] NOTICE: exiting, bye-bye!
[10-May-2023 19:33:24] NOTICE: fpm is running, pid 88450
[10-May-2023 19:33:24] NOTICE: ready to handle connections
[19-May-2023 09:11:12] NOTICE: Terminating ...
[19-May-2023 09:11:12] NOTICE: Terminating ...
[19-May-2023 09:11:12] NOTICE: exiting, bye-bye!
[19-May-2023 09:45:39] NOTICE: fpm is running, pid 2882
[19-May-2023 09:45:39] NOTICE: ready to handle connections
[26-May-2023 15:58:12] NOTICE: Terminating ...
[26-May-2023 15:58:12] NOTICE: Terminating ...
[26-May-2023 15:58:12] NOTICE: exiting, bye-bye!
[29-May-2023 19:34:30] NOTICE: fpm is running, pid 14189
[29-May-2023 19:34:30] NOTICE: ready to handle connections
[09-Jun-2023 15:24:08] NOTICE: Terminating ...
[09-Jun-2023 15:24:09] NOTICE: Terminating ...
[09-Jun-2023 15:24:09] NOTICE: exiting, bye-bye!
[14-Jun-2023 18:46:42] NOTICE: fpm is running, pid 41796
[14-Jun-2023 18:46:42] NOTICE: ready to handle connections
[15-Jun-2023 16:20:06] NOTICE: Terminating ...
[15-Jun-2023 16:20:06] NOTICE: Terminating ...
[15-Jun-2023 16:20:06] NOTICE: exiting, bye-bye!
[16-Jun-2023 15:40:39] NOTICE: fpm is running, pid 50388
[16-Jun-2023 15:40:39] NOTICE: ready to handle connections
[21-Jun-2023 19:45:58] NOTICE: Terminating ...
[21-Jun-2023 19:45:58] NOTICE: Terminating ...
[21-Jun-2023 19:45:58] NOTICE: exiting, bye-bye!
[22-Jun-2023 09:04:22] NOTICE: fpm is running, pid 58045
[22-Jun-2023 09:04:22] NOTICE: ready to handle connections
[01-Jul-2023 16:22:18] NOTICE: Terminating ...
[01-Jul-2023 16:22:18] NOTICE: Terminating ...
[01-Jul-2023 16:22:18] NOTICE: exiting, bye-bye!
[03-Jul-2023 18:50:47] NOTICE: fpm is running, pid 67969
[03-Jul-2023 18:50:47] NOTICE: ready to handle connections
[04-Jul-2023 05:11:51] NOTICE: Terminating ...
[04-Jul-2023 05:11:51] NOTICE: Terminating ...
[04-Jul-2023 05:11:51] NOTICE: exiting, bye-bye!
[04-Jul-2023 18:06:16] NOTICE: fpm is running, pid 70845
[04-Jul-2023 18:06:16] NOTICE: ready to handle connections
[04-Jul-2023 23:00:30] NOTICE: Terminating ...
[04-Jul-2023 23:00:30] NOTICE: Terminating ...
[04-Jul-2023 23:00:30] NOTICE: exiting, bye-bye!
[06-Jul-2023 19:00:24] NOTICE: fpm is running, pid 73447
[06-Jul-2023 19:00:24] NOTICE: ready to handle connections
[06-Jul-2023 19:28:01] NOTICE: Terminating ...
[06-Jul-2023 19:28:01] NOTICE: Terminating ...
[06-Jul-2023 19:28:01] NOTICE: exiting, bye-bye!
[06-Jul-2023 19:38:29] NOTICE: fpm is running, pid 73998
[06-Jul-2023 19:38:29] NOTICE: ready to handle connections
[07-Jul-2023 14:31:58] NOTICE: Terminating ...
[07-Jul-2023 14:31:58] NOTICE: Terminating ...
[07-Jul-2023 14:31:58] NOTICE: exiting, bye-bye!
[12-Jul-2023 18:31:14] NOTICE: fpm is running, pid 79044
[12-Jul-2023 18:31:14] NOTICE: ready to handle connections
[14-Aug-2023 16:04:19] NOTICE: Terminating ...
[14-Aug-2023 16:04:19] NOTICE: Terminating ...
[14-Aug-2023 16:04:19] NOTICE: exiting, bye-bye!
[16-Aug-2023 22:39:18] NOTICE: fpm is running, pid 28545
[16-Aug-2023 22:39:18] NOTICE: ready to handle connections
[24-Nov-2023 08:42:42] WARNING: [pool www] child 28563 said into stderr: "sh: gs: command not found"
[07-Dec-2023 10:05:05] NOTICE: Terminating ...
[07-Dec-2023 10:05:05] NOTICE: Terminating ...
[07-Dec-2023 10:05:05] NOTICE: exiting, bye-bye!
[07-Dec-2023 10:08:26] NOTICE: fpm is running, pid 89714
[07-Dec-2023 10:08:26] NOTICE: ready to handle connections
[07-Dec-2023 10:10:44] NOTICE: Terminating ...
[07-Dec-2023 10:10:44] NOTICE: Terminating ...
[07-Dec-2023 10:10:44] NOTICE: exiting, bye-bye!
[07-Dec-2023 11:59:22] NOTICE: fpm is running, pid 91819
[07-Dec-2023 11:59:22] NOTICE: ready to handle connections
[15-Dec-2023 21:18:32] NOTICE: Terminating ...
[15-Dec-2023 21:18:32] NOTICE: Terminating ...
[15-Dec-2023 21:18:32] NOTICE: exiting, bye-bye!
[16-Dec-2023 08:53:01] NOTICE: fpm is running, pid 1677
[16-Dec-2023 08:53:01] NOTICE: ready to handle connections
[25-Dec-2023 22:40:46] NOTICE: Terminating ...
[25-Dec-2023 22:40:46] NOTICE: Terminating ...
[25-Dec-2023 22:40:46] NOTICE: exiting, bye-bye!
[26-Dec-2023 07:24:22] NOTICE: fpm is running, pid 3017
[26-Dec-2023 07:24:22] NOTICE: ready to handle connections
[10-Jan-2024 22:11:27] NOTICE: Terminating ...
[10-Jan-2024 22:11:27] NOTICE: Terminating ...
[10-Jan-2024 22:11:27] NOTICE: exiting, bye-bye!
